Projectlivrable/livrable3/app/build/intermediates/manifest_merge_blame_file/debug/manifest-merger-blame-debug-report.txt
1<?xml version="1.0" encoding="utf-8"?>
2<manifest xmlns:android="http://schemas.android.com/apk/res/android"
3    package="com.example.livrable3"
4    android:versionCode="1"
5    android:versionName="1.0" >
6
7    <uses-sdk
7-->src/main/AndroidManifest.xml:7:5-9:41
8        android:minSdkVersion="21"
8-->src/main/AndroidManifest.xml:8:9-35
9        android:targetSdkVersion="31" />
9-->src/main/AndroidManifest.xml:9:9-38
10    <!-- Although the *SdkVersion is captured in gradle build files, this is required for non gradle builds -->
11    <!-- <uses-sdk android:minSdkVersion="14"/> -->
12    <uses-permission android:name="android.permission.ACCESS_NETWORK_STATE" />
12-->src/main/AndroidManifest.xml:12:5-79
12-->src/main/AndroidManifest.xml:12:22-76
13    <uses-permission android:name="android.permission.INTERNET" />
13-->src/main/AndroidManifest.xml:13:5-67
13-->src/main/AndroidManifest.xml:13:22-64
14
15    <application
15-->src/main/AndroidManifest.xml:15:5-88:19
16        android:allowBackup="true"
16-->src/main/AndroidManifest.xml:16:9-35
17        android:appComponentFactory="androidx.core.app.CoreComponentFactory"
17-->src/main/AndroidManifest.xml:17:9-77
18        android:debuggable="true"
19        android:icon="@mipmap/ic_launcher"
19-->src/main/AndroidManifest.xml:18:9-43
20        android:label="@string/app_name"
20-->src/main/AndroidManifest.xml:19:9-41
21        android:roundIcon="@mipmap/ic_launcher_round"
21-->src/main/AndroidManifest.xml:20:9-54
22        android:supportsRtl="true"
22-->src/main/AndroidManifest.xml:21:9-35
23        android:testOnly="true"
23-->src/main/AndroidManifest.xml:22:9-32
24        android:theme="@style/Theme.Livrable3" >
24-->src/main/AndroidManifest.xml:23:9-47
25        <activity
25-->src/main/AndroidManifest.xml:24:9-26:39
26            android:name="com.example.livrable3.ServiceEditor2"
26-->src/main/AndroidManifest.xml:25:13-43
27            android:exported="true" />
27-->src/main/AndroidManifest.xml:26:13-36
28        <activity
28-->src/main/AndroidManifest.xml:27:9-29:39
29            android:name="com.example.livrable3.ServiceGenerauxActivity"
29-->src/main/AndroidManifest.xml:28:13-52
30            android:exported="true" />
30-->src/main/AndroidManifest.xml:29:13-36
31        <activity
31-->src/main/AndroidManifest.xml:30:9-32:39
32            android:name="com.example.livrable3.EmployeeInterface"
32-->src/main/AndroidManifest.xml:31:13-46
33            android:exported="true" />
33-->src/main/AndroidManifest.xml:32:13-36
34        <activity
34-->src/main/AndroidManifest.xml:33:9-35:39
35            android:name="com.example.livrable3.ServicesDisplay"
35-->src/main/AndroidManifest.xml:34:13-44
36            android:exported="true" />
36-->src/main/AndroidManifest.xml:35:13-36
37        <activity
37-->src/main/AndroidManifest.xml:36:9-38:39
38            android:name="com.example.livrable3.EmployeeAdminActivity"
38-->src/main/AndroidManifest.xml:37:13-50
39            android:exported="true" />
39-->src/main/AndroidManifest.xml:38:13-36
40        <activity
40-->src/main/AndroidManifest.xml:39:9-41:39
41            android:name="com.example.livrable3.ServiceEditor"
41-->src/main/AndroidManifest.xml:40:13-42
42            android:exported="true" />
42-->src/main/AndroidManifest.xml:41:13-36
43        <activity
43-->src/main/AndroidManifest.xml:42:9-44:39
44            android:name="com.example.livrable3.SuccAdminActivity"
44-->src/main/AndroidManifest.xml:43:13-46
45            android:exported="true" />
45-->src/main/AndroidManifest.xml:44:13-36
46        <activity
46-->src/main/AndroidManifest.xml:45:9-47:39
47            android:name="com.example.livrable3.AdminInterface"
47-->src/main/AndroidManifest.xml:46:13-43
48            android:exported="true" />
48-->src/main/AndroidManifest.xml:47:13-36
49        <activity
49-->src/main/AndroidManifest.xml:48:9-50:39
50            android:name="com.example.livrable3.RegisterActivity"
50-->src/main/AndroidManifest.xml:49:13-45
51            android:exported="true" />
51-->src/main/AndroidManifest.xml:50:13-36
52        <activity
52-->src/main/AndroidManifest.xml:51:9-53:39
53            android:name="com.example.livrable3.WelcomePage"
53-->src/main/AndroidManifest.xml:52:13-40
54            android:exported="true" />
54-->src/main/AndroidManifest.xml:53:13-36
55        <activity
55-->src/main/AndroidManifest.xml:54:9-62:20
56            android:name="com.example.livrable3.MainActivity"
56-->src/main/AndroidManifest.xml:55:13-41
57            android:exported="true" >
57-->src/main/AndroidManifest.xml:56:13-36
58            <intent-filter>
58-->src/main/AndroidManifest.xml:57:13-61:29
59                <action android:name="android.intent.action.MAIN" />
59-->src/main/AndroidManifest.xml:58:17-69
59-->src/main/AndroidManifest.xml:58:25-66
60
61                <category android:name="android.intent.category.LAUNCHER" />
61-->src/main/AndroidManifest.xml:60:17-77
61-->src/main/AndroidManifest.xml:60:27-74
62            </intent-filter>
63        </activity>
64
65        <service
65-->src/main/AndroidManifest.xml:64:9-71:19
66            android:name="com.google.firebase.components.ComponentDiscoveryService"
66-->src/main/AndroidManifest.xml:65:13-84
67            android:directBootAware="true"
67-->src/main/AndroidManifest.xml:66:13-43
68            android:exported="false" >
68-->src/main/AndroidManifest.xml:67:13-37
69            <meta-data
69-->src/main/AndroidManifest.xml:68:13-70:85
70                android:name="com.google.firebase.components:com.google.firebase.database.DatabaseRegistrar"
70-->src/main/AndroidManifest.xml:69:17-109
71                android:value="com.google.firebase.components.ComponentRegistrar" />
71-->src/main/AndroidManifest.xml:70:17-82
72        </service>
73
74        <provider
74-->src/main/AndroidManifest.xml:73:9-78:39
75            android:name="com.google.firebase.provider.FirebaseInitProvider"
75-->src/main/AndroidManifest.xml:74:13-77
76            android:authorities="com.example.livrable3.firebaseinitprovider"
76-->src/main/AndroidManifest.xml:75:13-77
77            android:directBootAware="true"
77-->src/main/AndroidManifest.xml:76:13-43
78            android:exported="false"
78-->src/main/AndroidManifest.xml:77:13-37
79            android:initOrder="100" />
79-->src/main/AndroidManifest.xml:78:13-36
80
81        <activity
81-->src/main/AndroidManifest.xml:80:9-83:75
82            android:name="com.google.android.gms.common.api.GoogleApiActivity"
82-->src/main/AndroidManifest.xml:81:13-79
83            android:exported="false"
83-->src/main/AndroidManifest.xml:82:13-37
84            android:theme="@android:style/Theme.Translucent.NoTitleBar" />
84-->src/main/AndroidManifest.xml:83:13-72
85
86        <meta-data
86-->src/main/AndroidManifest.xml:85:9-87:69
87            android:name="com.google.android.gms.version"
87-->src/main/AndroidManifest.xml:86:13-58
88            android:value="@integer/google_play_services_version" />
88-->src/main/AndroidManifest.xml:87:13-66
89
90        <provider
90-->[androidx.emoji2:emoji2:1.0.0] AndroidManifest.xml:26:9-34:20
91            android:name="androidx.startup.InitializationProvider"
91-->[androidx.emoji2:emoji2:1.0.0] AndroidManifest.xml:27:13-67
92            android:authorities="com.example.livrable3.androidx-startup"
92-->[androidx.emoji2:emoji2:1.0.0] AndroidManifest.xml:28:13-68
93            android:exported="false" >
93-->[androidx.emoji2:emoji2:1.0.0] AndroidManifest.xml:29:13-37
94            <meta-data
94-->[androidx.emoji2:emoji2:1.0.0] AndroidManifest.xml:31:13-33:52
95                android:name="androidx.emoji2.text.EmojiCompatInitializer"
95-->[androidx.emoji2:emoji2:1.0.0] AndroidManifest.xml:32:17-75
96                android:value="androidx.startup" />
96-->[androidx.emoji2:emoji2:1.0.0] AndroidManifest.xml:33:17-49
97            <meta-data
97-->[androidx.lifecycle:lifecycle-process:2.4.0] AndroidManifest.xml:31:13-33:52
98                android:name="androidx.lifecycle.ProcessLifecycleInitializer"
98-->[androidx.lifecycle:lifecycle-process:2.4.0] AndroidManifest.xml:32:17-78
99                android:value="androidx.startup" />
99-->[androidx.lifecycle:lifecycle-process:2.4.0] AndroidManifest.xml:33:17-49
100        </provider>
101    </application>
102
103</manifest>